--------------------
q1 > Test #5

name:        check-equal?
location:    q2-bb.rkt:85:4
expression:  (check-equal? (racket-x (racket-after-mouse-event SELECTED-RACKET-RALLY-STATE 336 10 DRAG)) 331 "Drag even should happen smoothly")
params:      '(336 331)
message:     "Drag even should happen smoothly"
actual:      336
expected:    331
--------------------
--------------------
q1 > Test #6

name:        check-equal?
location:    q2-bb.rkt:93:4
expression:  (check-equal? (racket-y (racket-after-mouse-event SELECTED-RACKET-RALLY-STATE 336 10 DRAG)) 6 "Drag even should happen smoothly")
params:      '(10 6)
message:     "Drag even should happen smoothly"
actual:      10
expected:    6
--------------------
--------------------
q1 > Test #7

name:        check-equal?
location:    q2-bb.rkt:102:4
expression:  (check-equal? (racket-y (world-racket (world-after-tick (world-after-mouse-event WORLD-RACKET-WITH-3SPEED 335 388 BUTTON-DOWN)))) 384 "Racket should not move when it is selected")
params:      '(381 384)
message:     "Racket should not move when it is selected"
actual:      381
expected:    384
--------------------
6 success(es) 3 failure(s) 0 error(s) 9 test(s) run
extras.rkt Wed Sep 14 08:52:19 2016
q2.rkt appears to be in a correctly named folder. Running tests...
Running tests from q2.rkt...
All tests passed (87 tests).
3
